2019-12-12 10:29:18,157 [Worker-2] INFO  o.e.m.c.i.p.ProjectConfigurationManager - Collecting project info '/pom.xml' C:\java_hcl\harika\spring\SpringHelloWorld\pom.xml
2019-12-12 10:29:22,521 [Worker-2] INFO  o.e.m.c.i.l.LifecycleMappingFactory - Using org.eclipse.m2e.jdt.JarLifecycleMapping lifecycle mapping for MavenProject: hcl:SpringHelloWorld:0.0.1-SNAPSHOT @ C:\java_hcl\harika\spring\SpringHelloWorld\pom.xml.
2019-12-12 10:29:24,340 [Worker-2] INFO  o.e.m.j.i.AbstractJavaProjectConfigurator - Adding source folder /SpringHelloWorld/src/main/java
2019-12-12 10:29:24,344 [Worker-2] INFO  o.e.m.j.i.AbstractJavaProjectConfigurator - Adding source folder /SpringHelloWorld/src/test/java
2019-12-12 10:29:25,314 [Worker-2] INFO  o.e.m.c.i.p.ProjectConfigurationManager - Imported and configured 1 project(s) in 7 sec
2019-12-12 10:29:26,005 [Worker-2] INFO  o.e.m.c.i.embedder.EclipseLogger - Using 'UTF-8' encoding to copy filtered resources.
2019-12-12 10:29:26,006 [Worker-2] INFO  o.e.m.c.i.embedder.EclipseLogger - skip non existing resourceDirectory C:\java_hcl\harika\spring\SpringHelloWorld\src\main\resources
2019-12-12 10:29:26,009 [Worker-2] INFO  o.e.m.c.i.embedder.EclipseLogger - Using 'UTF-8' encoding to copy filtered resources.
2019-12-12 10:29:26,009 [Worker-2] INFO  o.e.m.c.i.embedder.EclipseLogger - skip non existing resourceDirectory C:\java_hcl\harika\spring\SpringHelloWorld\src\test\resources
2019-12-12 10:33:00,916 [Worker-6] INFO  o.e.m.c.i.l.LifecycleMappingFactory - Using org.eclipse.m2e.jdt.JarLifecycleMapping lifecycle mapping for MavenProject: hcl:SpringHelloWorld:0.0.1-SNAPSHOT @ C:\java_hcl\harika\spring\SpringHelloWorld\pom.xml.
2019-12-12 10:33:02,586 [Worker-6] INFO  o.e.m.c.i.e.AbstractTransferListenerAdapter - Downloading https://repo.maven.apache.org/maven2/org/springframework/spring/2.5.6/spring-2.5.6.pom
2019-12-12 10:33:02,953 [Worker-6] INFO  o.e.m.c.i.e.AbstractTransferListenerAdapter - Downloaded https://repo.maven.apache.org/maven2/org/springframework/spring/2.5.6/spring-2.5.6.pom
2019-12-12 10:33:03,272 [Worker-6] INFO  o.e.m.c.i.e.AbstractTransferListenerAdapter - Downloading https://repo.maven.apache.org/maven2/commons-logging/commons-logging/1.1.1/commons-logging-1.1.1.pom
2019-12-12 10:33:03,621 [Worker-6] INFO  o.e.m.c.i.e.AbstractTransferListenerAdapter - Downloaded https://repo.maven.apache.org/maven2/commons-logging/commons-logging/1.1.1/commons-logging-1.1.1.pom
2019-12-12 10:33:03,948 [Worker-6] INFO  o.e.m.c.i.e.AbstractTransferListenerAdapter - Downloading https://repo.maven.apache.org/maven2/org/apache/commons/commons-parent/5/commons-parent-5.pom
2019-12-12 10:33:04,258 [Worker-6] INFO  o.e.m.c.i.e.AbstractTransferListenerAdapter - Downloaded https://repo.maven.apache.org/maven2/org/apache/commons/commons-parent/5/commons-parent-5.pom
2019-12-12 10:33:04,603 [Worker-6] INFO  o.e.m.c.i.e.AbstractTransferListenerAdapter - Downloading https://repo.maven.apache.org/maven2/org/springframework/spring/2.5.6/spring-2.5.6.jar
2019-12-12 10:33:09,692 [Worker-6] INFO  o.e.m.c.i.e.AbstractTransferListenerAdapter - Downloaded https://repo.maven.apache.org/maven2/org/springframework/spring/2.5.6/spring-2.5.6.jar
2019-12-12 10:33:10,000 [Worker-6] INFO  o.e.m.c.i.e.AbstractTransferListenerAdapter - Downloading https://repo.maven.apache.org/maven2/commons-logging/commons-logging/1.1.1/commons-logging-1.1.1.jar
2019-12-12 10:33:10,314 [Worker-6] INFO  o.e.m.c.i.e.AbstractTransferListenerAdapter - Downloaded https://repo.maven.apache.org/maven2/commons-logging/commons-logging/1.1.1/commons-logging-1.1.1.jar
2019-12-12 10:33:11,580 [Worker-6] INFO  o.e.m.c.i.embedder.EclipseLogger - Using 'UTF-8' encoding to copy filtered resources.
2019-12-12 10:33:11,580 [Worker-6] INFO  o.e.m.c.i.embedder.EclipseLogger - skip non existing resourceDirectory C:\java_hcl\harika\spring\SpringHelloWorld\src\main\resources
2019-12-12 10:33:11,582 [Worker-6] INFO  o.e.m.c.i.embedder.EclipseLogger - Using 'UTF-8' encoding to copy filtered resources.
2019-12-12 10:33:11,582 [Worker-6] INFO  o.e.m.c.i.embedder.EclipseLogger - skip non existing resourceDirectory C:\java_hcl\harika\spring\SpringHelloWorld\src\test\resources
2019-12-12 10:33:13,770 [Worker-8] INFO  o.e.m.c.i.embedder.EclipseLogger - Using 'UTF-8' encoding to copy filtered resources.
2019-12-12 10:33:13,771 [Worker-8] INFO  o.e.m.c.i.embedder.EclipseLogger - skip non existing resourceDirectory C:\java_hcl\harika\spring\SpringHelloWorld\src\main\resources
2019-12-12 10:33:13,772 [Worker-8] INFO  o.e.m.c.i.embedder.EclipseLogger - Using 'UTF-8' encoding to copy filtered resources.
2019-12-12 10:33:13,773 [Worker-8] INFO  o.e.m.c.i.embedder.EclipseLogger - skip non existing resourceDirectory C:\java_hcl\harika\spring\SpringHelloWorld\src\test\resources
2019-12-12 10:35:36,630 [Worker-3] INFO  o.e.m.c.i.embedder.EclipseLogger - Using 'UTF-8' encoding to copy filtered resources.
2019-12-12 10:35:36,631 [Worker-3] INFO  o.e.m.c.i.embedder.EclipseLogger - skip non existing resourceDirectory C:\java_hcl\harika\spring\SpringHelloWorld\src\main\resources
2019-12-12 10:35:36,632 [Worker-3] INFO  o.e.m.c.i.embedder.EclipseLogger - Using 'UTF-8' encoding to copy filtered resources.
2019-12-12 10:35:36,633 [Worker-3] INFO  o.e.m.c.i.embedder.EclipseLogger - skip non existing resourceDirectory C:\java_hcl\harika\spring\SpringHelloWorld\src\test\resources
2019-12-12 10:35:37,711 [Worker-11] INFO  o.e.m.c.i.embedder.EclipseLogger - Using 'UTF-8' encoding to copy filtered resources.
2019-12-12 10:35:37,711 [Worker-11] INFO  o.e.m.c.i.embedder.EclipseLogger - skip non existing resourceDirectory C:\java_hcl\harika\spring\SpringHelloWorld\src\main\resources
2019-12-12 10:35:37,713 [Worker-11] INFO  o.e.m.c.i.embedder.EclipseLogger - Using 'UTF-8' encoding to copy filtered resources.
2019-12-12 10:35:37,713 [Worker-11] INFO  o.e.m.c.i.embedder.EclipseLogger - skip non existing resourceDirectory C:\java_hcl\harika\spring\SpringHelloWorld\src\test\resources
2019-12-12 10:36:57,850 [Worker-10] INFO  o.e.m.c.i.embedder.EclipseLogger - Using 'UTF-8' encoding to copy filtered resources.
2019-12-12 10:36:57,851 [Worker-10] INFO  o.e.m.c.i.embedder.EclipseLogger - skip non existing resourceDirectory C:\java_hcl\harika\spring\SpringHelloWorld\src\main\resources
2019-12-12 10:36:57,853 [Worker-10] INFO  o.e.m.c.i.embedder.EclipseLogger - Using 'UTF-8' encoding to copy filtered resources.
2019-12-12 10:36:57,853 [Worker-10] INFO  o.e.m.c.i.embedder.EclipseLogger - skip non existing resourceDirectory C:\java_hcl\harika\spring\SpringHelloWorld\src\test\resources
2019-12-12 10:39:50,315 [Worker-3] INFO  o.e.m.c.i.embedder.EclipseLogger - Using 'UTF-8' encoding to copy filtered resources.
2019-12-12 10:39:50,315 [Worker-3] INFO  o.e.m.c.i.embedder.EclipseLogger - skip non existing resourceDirectory C:\java_hcl\harika\spring\SpringHelloWorld\src\main\resources
2019-12-12 10:39:50,317 [Worker-3] INFO  o.e.m.c.i.embedder.EclipseLogger - Using 'UTF-8' encoding to copy filtered resources.
2019-12-12 10:39:50,317 [Worker-3] INFO  o.e.m.c.i.embedder.EclipseLogger - skip non existing resourceDirectory C:\java_hcl\harika\spring\SpringHelloWorld\src\test\resources
2019-12-12 10:42:19,505 [Worker-13] INFO  o.e.m.c.i.embedder.EclipseLogger - Using 'UTF-8' encoding to copy filtered resources.
2019-12-12 10:42:19,505 [Worker-13] INFO  o.e.m.c.i.embedder.EclipseLogger - skip non existing resourceDirectory C:\java_hcl\harika\spring\SpringHelloWorld\src\main\resources
2019-12-12 10:42:19,507 [Worker-13] INFO  o.e.m.c.i.embedder.EclipseLogger - Using 'UTF-8' encoding to copy filtered resources.
2019-12-12 10:42:19,507 [Worker-13] INFO  o.e.m.c.i.embedder.EclipseLogger - skip non existing resourceDirectory C:\java_hcl\harika\spring\SpringHelloWorld\src\test\resources
2019-12-12 10:43:32,092 [Worker-10] INFO  o.e.m.c.i.embedder.EclipseLogger - Using 'UTF-8' encoding to copy filtered resources.
2019-12-12 10:43:32,092 [Worker-10] INFO  o.e.m.c.i.embedder.EclipseLogger - skip non existing resourceDirectory C:\java_hcl\harika\spring\SpringHelloWorld\src\main\resources
2019-12-12 10:43:32,094 [Worker-10] INFO  o.e.m.c.i.embedder.EclipseLogger - Using 'UTF-8' encoding to copy filtered resources.
2019-12-12 10:43:32,095 [Worker-10] INFO  o.e.m.c.i.embedder.EclipseLogger - skip non existing resourceDirectory C:\java_hcl\harika\spring\SpringHelloWorld\src\test\resources
2019-12-12 10:46:04,658 [Worker-11] INFO  o.e.m.c.i.embedder.EclipseLogger - Using 'UTF-8' encoding to copy filtered resources.
2019-12-12 10:46:04,659 [Worker-11] INFO  o.e.m.c.i.embedder.EclipseLogger - skip non existing resourceDirectory C:\java_hcl\harika\spring\SpringHelloWorld\src\main\resources
2019-12-12 10:46:04,660 [Worker-11] INFO  o.e.m.c.i.embedder.EclipseLogger - Using 'UTF-8' encoding to copy filtered resources.
2019-12-12 10:46:04,661 [Worker-11] INFO  o.e.m.c.i.embedder.EclipseLogger - skip non existing resourceDirectory C:\java_hcl\harika\spring\SpringHelloWorld\src\test\resources
2019-12-12 10:46:28,040 [Worker-10] INFO  o.e.m.c.i.embedder.EclipseLogger - Using 'UTF-8' encoding to copy filtered resources.
2019-12-12 10:46:28,041 [Worker-10] INFO  o.e.m.c.i.embedder.EclipseLogger - skip non existing resourceDirectory C:\java_hcl\harika\spring\SpringHelloWorld\src\main\resources
2019-12-12 10:46:28,043 [Worker-10] INFO  o.e.m.c.i.embedder.EclipseLogger - Using 'UTF-8' encoding to copy filtered resources.
2019-12-12 10:46:28,053 [Worker-10] INFO  o.e.m.c.i.embedder.EclipseLogger - skip non existing resourceDirectory C:\java_hcl\harika\spring\SpringHelloWorld\src\test\resources
2019-12-12 10:48:51,529 [Worker-10] INFO  o.e.m.c.i.embedder.EclipseLogger - Using 'UTF-8' encoding to copy filtered resources.
2019-12-12 10:48:51,530 [Worker-10] INFO  o.e.m.c.i.embedder.EclipseLogger - skip non existing resourceDirectory C:\java_hcl\harika\spring\SpringHelloWorld\src\main\resources
2019-12-12 10:48:51,531 [Worker-10] INFO  o.e.m.c.i.embedder.EclipseLogger - Using 'UTF-8' encoding to copy filtered resources.
2019-12-12 10:48:51,531 [Worker-10] INFO  o.e.m.c.i.embedder.EclipseLogger - skip non existing resourceDirectory C:\java_hcl\harika\spring\SpringHelloWorld\src\test\resources
2019-12-12 11:13:54,785 [Worker-19] INFO  o.e.m.c.i.embedder.EclipseLogger - Using 'UTF-8' encoding to copy filtered resources.
2019-12-12 11:13:54,787 [Worker-19] INFO  o.e.m.c.i.embedder.EclipseLogger - skip non existing resourceDirectory C:\java_hcl\harika\spring\SpringHelloWorld\src\main\resources
2019-12-12 11:13:54,789 [Worker-19] INFO  o.e.m.c.i.embedder.EclipseLogger - Using 'UTF-8' encoding to copy filtered resources.
2019-12-12 11:13:54,789 [Worker-19] INFO  o.e.m.c.i.embedder.EclipseLogger - skip non existing resourceDirectory C:\java_hcl\harika\spring\SpringHelloWorld\src\test\resources
2019-12-12 11:14:04,298 [Worker-22] WARN  o.e.r.models.ModelRepository - Failed to download org.eclipse.recommenders:index::zip:0.0.0
org.eclipse.aether.resolution.ArtifactResolutionException: Could not find artifact org.eclipse.recommenders:index:zip:0.0.0-SNAPSHOT in models (http://download.eclipse.org/recommenders/models/mars/)
	at org.eclipse.aether.internal.impl.DefaultArtifactResolver.resolve(DefaultArtifactResolver.java:444) ~[na:na]
	at org.eclipse.aether.internal.impl.DefaultArtifactResolver.resolveArtifacts(DefaultArtifactResolver.java:246) ~[na:na]
	at org.eclipse.aether.internal.impl.DefaultArtifactResolver.resolveArtifact(DefaultArtifactResolver.java:223) ~[na:na]
	at org.eclipse.aether.internal.impl.DefaultRepositorySystem.resolveArtifact(DefaultRepositorySystem.java:294) ~[na:na]
	at org.eclipse.recommenders.models.ModelRepository.resolveInternal(ModelRepository.java:192) [org.eclipse.recommenders.models_2.3.0.v20160216-1255.jar:na]
	at org.eclipse.recommenders.models.ModelRepository.resolve(ModelRepository.java:174) [org.eclipse.recommenders.models_2.3.0.v20160216-1255.jar:na]
	at org.eclipse.recommenders.internal.models.rcp.EclipseModelRepository.resolve(EclipseModelRepository.java:165) [org.eclipse.recommenders.models.rcp_2.3.0.v20160216-1255.jar:na]
	at org.eclipse.recommenders.internal.models.rcp.DownloadModelArchiveJob.run(DownloadModelArchiveJob.java:76) [org.eclipse.recommenders.models.rcp_2.3.0.v20160216-1255.jar:na]
	at org.eclipse.core.internal.jobs.Worker.run(Worker.java:55) [org.eclipse.core.jobs_3.7.0.v20150330-2103.jar:na]
Caused by: org.eclipse.aether.transfer.ArtifactNotFoundException: Could not find artifact org.eclipse.recommenders:index:zip:0.0.0-SNAPSHOT in models (http://download.eclipse.org/recommenders/models/mars/)
	at org.eclipse.aether.connector.basic.ArtifactTransportListener.transferFailed(ArtifactTransportListener.java:39) ~[org.eclipse.aether.connector.basic_1.0.1.v20141111.jar:na]
	at org.eclipse.aether.connector.basic.BasicRepositoryConnector$TaskRunner.run(BasicRepositoryConnector.java:355) ~[org.eclipse.aether.connector.basic_1.0.1.v20141111.jar:na]
	at org.eclipse.aether.util.concurrency.RunnableErrorForwarder$1.run(RunnableErrorForwarder.java:67) ~[na:na]
	at org.eclipse.aether.connector.basic.BasicRepositoryConnector$DirectExecutor.execute(BasicRepositoryConnector.java:581) ~[org.eclipse.aether.connector.basic_1.0.1.v20141111.jar:na]
	at org.eclipse.aether.connector.basic.BasicRepositoryConnector.get(BasicRepositoryConnector.java:249) ~[org.eclipse.aether.connector.basic_1.0.1.v20141111.jar:na]
	at org.eclipse.aether.internal.impl.DefaultArtifactResolver.performDownloads(DefaultArtifactResolver.java:520) ~[na:na]
	at org.eclipse.aether.internal.impl.DefaultArtifactResolver.resolve(DefaultArtifactResolver.java:421) ~[na:na]
	... 8 common frames omitted
2019-12-12 11:15:52,900 [Worker-22] INFO  o.e.m.c.i.embedder.EclipseLogger - Using 'UTF-8' encoding to copy filtered resources.
2019-12-12 11:15:52,900 [Worker-22] INFO  o.e.m.c.i.embedder.EclipseLogger - skip non existing resourceDirectory C:\java_hcl\harika\spring\SpringHelloWorld\src\main\resources
2019-12-12 11:15:52,901 [Worker-22] INFO  o.e.m.c.i.embedder.EclipseLogger - Using 'UTF-8' encoding to copy filtered resources.
2019-12-12 11:15:52,902 [Worker-22] INFO  o.e.m.c.i.embedder.EclipseLogger - skip non existing resourceDirectory C:\java_hcl\harika\spring\SpringHelloWorld\src\test\resources
2019-12-12 11:19:45,796 [Worker-28] INFO  o.e.m.c.i.embedder.EclipseLogger - Using 'UTF-8' encoding to copy filtered resources.
2019-12-12 11:19:45,797 [Worker-28] INFO  o.e.m.c.i.embedder.EclipseLogger - skip non existing resourceDirectory C:\java_hcl\harika\spring\SpringHelloWorld\src\main\resources
2019-12-12 11:19:45,799 [Worker-28] INFO  o.e.m.c.i.embedder.EclipseLogger - Using 'UTF-8' encoding to copy filtered resources.
2019-12-12 11:19:45,799 [Worker-28] INFO  o.e.m.c.i.embedder.EclipseLogger - skip non existing resourceDirectory C:\java_hcl\harika\spring\SpringHelloWorld\src\test\resources
2019-12-12 11:20:14,902 [Worker-30] INFO  o.e.m.c.i.embedder.EclipseLogger - Using 'UTF-8' encoding to copy filtered resources.
2019-12-12 11:20:14,903 [Worker-30] INFO  o.e.m.c.i.embedder.EclipseLogger - skip non existing resourceDirectory C:\java_hcl\harika\spring\SpringHelloWorld\src\main\resources
2019-12-12 11:20:14,906 [Worker-30] INFO  o.e.m.c.i.embedder.EclipseLogger - Using 'UTF-8' encoding to copy filtered resources.
2019-12-12 11:20:14,906 [Worker-30] INFO  o.e.m.c.i.embedder.EclipseLogger - skip non existing resourceDirectory C:\java_hcl\harika\spring\SpringHelloWorld\src\test\resources
2019-12-12 11:39:05,540 [Worker-35] INFO  o.e.m.c.i.p.ProjectConfigurationManager - Collecting project info '/pom.xml' C:\java_hcl\harika\spring\SpringCalc\pom.xml
2019-12-12 11:39:05,652 [Worker-35] INFO  o.e.m.c.i.l.LifecycleMappingFactory - Using org.eclipse.m2e.jdt.JarLifecycleMapping lifecycle mapping for MavenProject: hcl:SpringCalc:0.0.1-SNAPSHOT @ C:\java_hcl\harika\spring\SpringCalc\pom.xml.
2019-12-12 11:39:05,806 [Worker-35] INFO  o.e.m.j.i.AbstractJavaProjectConfigurator - Adding source folder /SpringCalc/src/main/java
2019-12-12 11:39:05,812 [Worker-35] INFO  o.e.m.j.i.AbstractJavaProjectConfigurator - Adding source folder /SpringCalc/src/test/java
2019-12-12 11:39:05,873 [Worker-35] INFO  o.e.m.c.i.p.ProjectConfigurationManager - Imported and configured 1 project(s) in 0 sec
2019-12-12 11:39:06,123 [Worker-37] INFO  o.e.m.c.i.embedder.EclipseLogger - Using 'UTF-8' encoding to copy filtered resources.
2019-12-12 11:39:06,123 [Worker-37] INFO  o.e.m.c.i.embedder.EclipseLogger - skip non existing resourceDirectory C:\java_hcl\harika\spring\SpringCalc\src\main\resources
2019-12-12 11:39:06,125 [Worker-37] INFO  o.e.m.c.i.embedder.EclipseLogger - Using 'UTF-8' encoding to copy filtered resources.
2019-12-12 11:39:06,126 [Worker-37] INFO  o.e.m.c.i.embedder.EclipseLogger - skip non existing resourceDirectory C:\java_hcl\harika\spring\SpringCalc\src\test\resources
2019-12-12 11:41:02,071 [Worker-36] INFO  o.e.m.c.i.embedder.EclipseLogger - Using 'UTF-8' encoding to copy filtered resources.
2019-12-12 11:41:02,072 [Worker-36] INFO  o.e.m.c.i.embedder.EclipseLogger - skip non existing resourceDirectory C:\java_hcl\harika\spring\SpringCalc\src\main\resources
2019-12-12 11:41:02,073 [Worker-36] INFO  o.e.m.c.i.embedder.EclipseLogger - Using 'UTF-8' encoding to copy filtered resources.
2019-12-12 11:41:02,074 [Worker-36] INFO  o.e.m.c.i.embedder.EclipseLogger - skip non existing resourceDirectory C:\java_hcl\harika\spring\SpringCalc\src\test\resources
2019-12-12 11:41:23,605 [Worker-40] INFO  o.e.m.c.i.embedder.EclipseLogger - Using 'UTF-8' encoding to copy filtered resources.
2019-12-12 11:41:23,605 [Worker-40] INFO  o.e.m.c.i.embedder.EclipseLogger - skip non existing resourceDirectory C:\java_hcl\harika\spring\SpringCalc\src\main\resources
2019-12-12 11:41:23,607 [Worker-40] INFO  o.e.m.c.i.embedder.EclipseLogger - Using 'UTF-8' encoding to copy filtered resources.
2019-12-12 11:41:23,607 [Worker-40] INFO  o.e.m.c.i.embedder.EclipseLogger - skip non existing resourceDirectory C:\java_hcl\harika\spring\SpringCalc\src\test\resources
2019-12-12 11:44:10,286 [Worker-38] INFO  o.e.m.c.i.embedder.EclipseLogger - Using 'UTF-8' encoding to copy filtered resources.
2019-12-12 11:44:10,287 [Worker-38] INFO  o.e.m.c.i.embedder.EclipseLogger - skip non existing resourceDirectory C:\java_hcl\harika\spring\SpringCalc\src\main\resources
2019-12-12 11:44:10,288 [Worker-38] INFO  o.e.m.c.i.embedder.EclipseLogger - Using 'UTF-8' encoding to copy filtered resources.
2019-12-12 11:44:10,289 [Worker-38] INFO  o.e.m.c.i.embedder.EclipseLogger - skip non existing resourceDirectory C:\java_hcl\harika\spring\SpringCalc\src\test\resources
2019-12-12 11:46:17,278 [Worker-41] INFO  o.e.m.c.i.embedder.EclipseLogger - Using 'UTF-8' encoding to copy filtered resources.
2019-12-12 11:46:17,279 [Worker-41] INFO  o.e.m.c.i.embedder.EclipseLogger - skip non existing resourceDirectory C:\java_hcl\harika\spring\SpringCalc\src\main\resources
2019-12-12 11:46:17,281 [Worker-41] INFO  o.e.m.c.i.embedder.EclipseLogger - Using 'UTF-8' encoding to copy filtered resources.
2019-12-12 11:46:17,281 [Worker-41] INFO  o.e.m.c.i.embedder.EclipseLogger - skip non existing resourceDirectory C:\java_hcl\harika\spring\SpringCalc\src\test\resources
2019-12-12 11:49:11,532 [Worker-38] INFO  o.e.m.c.i.l.LifecycleMappingFactory - Using org.eclipse.m2e.jdt.JarLifecycleMapping lifecycle mapping for MavenProject: hcl:SpringCalc:0.0.1-SNAPSHOT @ C:\java_hcl\harika\spring\SpringCalc\pom.xml.
2019-12-12 11:49:11,797 [Worker-38] INFO  o.e.m.c.i.embedder.EclipseLogger - Using 'UTF-8' encoding to copy filtered resources.
2019-12-12 11:49:11,797 [Worker-38] INFO  o.e.m.c.i.embedder.EclipseLogger - skip non existing resourceDirectory C:\java_hcl\harika\spring\SpringCalc\src\main\resources
2019-12-12 11:49:11,798 [Worker-38] INFO  o.e.m.c.i.embedder.EclipseLogger - Using 'UTF-8' encoding to copy filtered resources.
2019-12-12 11:49:11,798 [Worker-38] INFO  o.e.m.c.i.embedder.EclipseLogger - skip non existing resourceDirectory C:\java_hcl\harika\spring\SpringCalc\src\test\resources
2019-12-12 11:49:13,097 [Worker-42] INFO  o.e.m.c.i.embedder.EclipseLogger - Using 'UTF-8' encoding to copy filtered resources.
2019-12-12 11:49:13,097 [Worker-42] INFO  o.e.m.c.i.embedder.EclipseLogger - skip non existing resourceDirectory C:\java_hcl\harika\spring\SpringCalc\src\main\resources
2019-12-12 11:49:13,099 [Worker-42] INFO  o.e.m.c.i.embedder.EclipseLogger - Using 'UTF-8' encoding to copy filtered resources.
2019-12-12 11:49:13,099 [Worker-42] INFO  o.e.m.c.i.embedder.EclipseLogger - skip non existing resourceDirectory C:\java_hcl\harika\spring\SpringCalc\src\test\resources
2019-12-12 11:52:46,394 [Worker-44] INFO  o.e.m.c.i.embedder.EclipseLogger - Using 'UTF-8' encoding to copy filtered resources.
2019-12-12 11:52:46,394 [Worker-44] INFO  o.e.m.c.i.embedder.EclipseLogger - skip non existing resourceDirectory C:\java_hcl\harika\spring\SpringCalc\src\main\resources
2019-12-12 11:52:46,397 [Worker-44] INFO  o.e.m.c.i.embedder.EclipseLogger - Using 'UTF-8' encoding to copy filtered resources.
2019-12-12 11:52:46,397 [Worker-44] INFO  o.e.m.c.i.embedder.EclipseLogger - skip non existing resourceDirectory C:\java_hcl\harika\spring\SpringCalc\src\test\resources
2019-12-12 11:53:58,790 [Worker-37] INFO  o.e.m.c.i.embedder.EclipseLogger - Using 'UTF-8' encoding to copy filtered resources.
2019-12-12 11:53:58,791 [Worker-37] INFO  o.e.m.c.i.embedder.EclipseLogger - skip non existing resourceDirectory C:\java_hcl\harika\spring\SpringCalc\src\main\resources
2019-12-12 11:53:58,792 [Worker-37] INFO  o.e.m.c.i.embedder.EclipseLogger - Using 'UTF-8' encoding to copy filtered resources.
2019-12-12 11:53:58,792 [Worker-37] INFO  o.e.m.c.i.embedder.EclipseLogger - skip non existing resourceDirectory C:\java_hcl\harika\spring\SpringCalc\src\test\resources
2019-12-12 11:56:46,236 [Worker-37] INFO  o.e.m.c.i.embedder.EclipseLogger - Using 'UTF-8' encoding to copy filtered resources.
2019-12-12 11:56:46,236 [Worker-37] INFO  o.e.m.c.i.embedder.EclipseLogger - skip non existing resourceDirectory C:\java_hcl\harika\spring\SpringCalc\src\main\resources
2019-12-12 11:56:46,237 [Worker-37] INFO  o.e.m.c.i.embedder.EclipseLogger - Using 'UTF-8' encoding to copy filtered resources.
2019-12-12 11:56:46,238 [Worker-37] INFO  o.e.m.c.i.embedder.EclipseLogger - skip non existing resourceDirectory C:\java_hcl\harika\spring\SpringCalc\src\test\resources
2019-12-12 11:59:24,974 [Worker-46] INFO  o.e.m.c.i.embedder.EclipseLogger - Using 'UTF-8' encoding to copy filtered resources.
2019-12-12 11:59:24,975 [Worker-46] INFO  o.e.m.c.i.embedder.EclipseLogger - skip non existing resourceDirectory C:\java_hcl\harika\spring\SpringCalc\src\main\resources
2019-12-12 11:59:24,977 [Worker-46] INFO  o.e.m.c.i.embedder.EclipseLogger - Using 'UTF-8' encoding to copy filtered resources.
2019-12-12 11:59:24,978 [Worker-46] INFO  o.e.m.c.i.embedder.EclipseLogger - skip non existing resourceDirectory C:\java_hcl\harika\spring\SpringCalc\src\test\resources
2019-12-12 12:07:01,042 [Worker-52] INFO  o.e.m.c.i.p.ProjectConfigurationManager - Collecting project info '/pom.xml' C:\java_hcl\harika\spring\BeanWiring\pom.xml
2019-12-12 12:07:01,157 [Worker-52] INFO  o.e.m.c.i.l.LifecycleMappingFactory - Using org.eclipse.m2e.jdt.JarLifecycleMapping lifecycle mapping for MavenProject: hcl:BeanWiring:0.0.1-SNAPSHOT @ C:\java_hcl\harika\spring\BeanWiring\pom.xml.
2019-12-12 12:07:01,309 [Worker-52] INFO  o.e.m.j.i.AbstractJavaProjectConfigurator - Adding source folder /BeanWiring/src/main/java
2019-12-12 12:07:01,314 [Worker-52] INFO  o.e.m.j.i.AbstractJavaProjectConfigurator - Adding source folder /BeanWiring/src/test/java
2019-12-12 12:07:01,365 [Worker-52] INFO  o.e.m.c.i.p.ProjectConfigurationManager - Imported and configured 1 project(s) in 0 sec
2019-12-12 12:07:01,598 [Worker-51] INFO  o.e.m.c.i.embedder.EclipseLogger - Using 'UTF-8' encoding to copy filtered resources.
2019-12-12 12:07:01,598 [Worker-51] INFO  o.e.m.c.i.embedder.EclipseLogger - skip non existing resourceDirectory C:\java_hcl\harika\spring\BeanWiring\src\main\resources
2019-12-12 12:07:01,599 [Worker-51] INFO  o.e.m.c.i.embedder.EclipseLogger - Using 'UTF-8' encoding to copy filtered resources.
2019-12-12 12:07:01,599 [Worker-51] INFO  o.e.m.c.i.embedder.EclipseLogger - skip non existing resourceDirectory C:\java_hcl\harika\spring\BeanWiring\src\test\resources
2019-12-12 12:07:51,969 [Worker-51] INFO  o.e.m.c.i.l.LifecycleMappingFactory - Using org.eclipse.m2e.jdt.JarLifecycleMapping lifecycle mapping for MavenProject: hcl:BeanWiring:0.0.1-SNAPSHOT @ C:\java_hcl\harika\spring\BeanWiring\pom.xml.
2019-12-12 12:07:52,169 [Worker-51] INFO  o.e.m.c.i.embedder.EclipseLogger - Using 'UTF-8' encoding to copy filtered resources.
2019-12-12 12:07:52,170 [Worker-51] INFO  o.e.m.c.i.embedder.EclipseLogger - skip non existing resourceDirectory C:\java_hcl\harika\spring\BeanWiring\src\main\resources
2019-12-12 12:07:52,171 [Worker-51] INFO  o.e.m.c.i.embedder.EclipseLogger - Using 'UTF-8' encoding to copy filtered resources.
2019-12-12 12:07:52,171 [Worker-51] INFO  o.e.m.c.i.embedder.EclipseLogger - skip non existing resourceDirectory C:\java_hcl\harika\spring\BeanWiring\src\test\resources
2019-12-12 12:07:53,459 [Worker-46] INFO  o.e.m.c.i.embedder.EclipseLogger - Using 'UTF-8' encoding to copy filtered resources.
2019-12-12 12:07:53,459 [Worker-46] INFO  o.e.m.c.i.embedder.EclipseLogger - skip non existing resourceDirectory C:\java_hcl\harika\spring\BeanWiring\src\main\resources
2019-12-12 12:07:53,461 [Worker-46] INFO  o.e.m.c.i.embedder.EclipseLogger - Using 'UTF-8' encoding to copy filtered resources.
2019-12-12 12:07:53,461 [Worker-46] INFO  o.e.m.c.i.embedder.EclipseLogger - skip non existing resourceDirectory C:\java_hcl\harika\spring\BeanWiring\src\test\resources
2019-12-12 12:08:35,320 [Worker-54] INFO  o.e.m.c.i.embedder.EclipseLogger - Using 'UTF-8' encoding to copy filtered resources.
2019-12-12 12:08:35,321 [Worker-54] INFO  o.e.m.c.i.embedder.EclipseLogger - skip non existing resourceDirectory C:\java_hcl\harika\spring\BeanWiring\src\main\resources
2019-12-12 12:08:35,322 [Worker-54] INFO  o.e.m.c.i.embedder.EclipseLogger - Using 'UTF-8' encoding to copy filtered resources.
2019-12-12 12:08:35,322 [Worker-54] INFO  o.e.m.c.i.embedder.EclipseLogger - skip non existing resourceDirectory C:\java_hcl\harika\spring\BeanWiring\src\test\resources
2019-12-12 12:10:52,937 [Worker-46] INFO  o.e.m.c.i.embedder.EclipseLogger - Using 'UTF-8' encoding to copy filtered resources.
2019-12-12 12:10:52,937 [Worker-46] INFO  o.e.m.c.i.embedder.EclipseLogger - skip non existing resourceDirectory C:\java_hcl\harika\spring\BeanWiring\src\main\resources
2019-12-12 12:10:52,944 [Worker-46] INFO  o.e.m.c.i.embedder.EclipseLogger - Using 'UTF-8' encoding to copy filtered resources.
2019-12-12 12:10:52,945 [Worker-46] INFO  o.e.m.c.i.embedder.EclipseLogger - skip non existing resourceDirectory C:\java_hcl\harika\spring\BeanWiring\src\test\resources
2019-12-12 12:19:01,278 [Worker-57] INFO  o.e.m.c.i.embedder.EclipseLogger - Using 'UTF-8' encoding to copy filtered resources.
2019-12-12 12:19:01,278 [Worker-57] INFO  o.e.m.c.i.embedder.EclipseLogger - skip non existing resourceDirectory C:\java_hcl\harika\spring\BeanWiring\src\main\resources
2019-12-12 12:19:01,280 [Worker-57] INFO  o.e.m.c.i.embedder.EclipseLogger - Using 'UTF-8' encoding to copy filtered resources.
2019-12-12 12:19:01,280 [Worker-57] INFO  o.e.m.c.i.embedder.EclipseLogger - skip non existing resourceDirectory C:\java_hcl\harika\spring\BeanWiring\src\test\resources
2019-12-12 12:25:08,387 [Worker-62] INFO  o.e.m.c.i.embedder.EclipseLogger - Using 'UTF-8' encoding to copy filtered resources.
2019-12-12 12:25:08,388 [Worker-62] INFO  o.e.m.c.i.embedder.EclipseLogger - skip non existing resourceDirectory C:\java_hcl\harika\spring\BeanWiring\src\main\resources
2019-12-12 12:25:08,389 [Worker-62] INFO  o.e.m.c.i.embedder.EclipseLogger - Using 'UTF-8' encoding to copy filtered resources.
2019-12-12 12:25:08,389 [Worker-62] INFO  o.e.m.c.i.embedder.EclipseLogger - skip non existing resourceDirectory C:\java_hcl\harika\spring\BeanWiring\src\test\resources
2019-12-12 12:25:34,567 [Worker-63] INFO  o.e.m.c.i.embedder.EclipseLogger - Using 'UTF-8' encoding to copy filtered resources.
2019-12-12 12:25:34,567 [Worker-63] INFO  o.e.m.c.i.embedder.EclipseLogger - skip non existing resourceDirectory C:\java_hcl\harika\spring\BeanWiring\src\main\resources
2019-12-12 12:25:34,569 [Worker-63] INFO  o.e.m.c.i.embedder.EclipseLogger - Using 'UTF-8' encoding to copy filtered resources.
2019-12-12 12:25:34,569 [Worker-63] INFO  o.e.m.c.i.embedder.EclipseLogger - skip non existing resourceDirectory C:\java_hcl\harika\spring\BeanWiring\src\test\resources
2019-12-12 12:30:55,438 [Worker-60] INFO  o.e.m.c.i.embedder.EclipseLogger - Using 'UTF-8' encoding to copy filtered resources.
2019-12-12 12:30:55,438 [Worker-60] INFO  o.e.m.c.i.embedder.EclipseLogger - skip non existing resourceDirectory C:\java_hcl\harika\spring\BeanWiring\src\main\resources
2019-12-12 12:30:55,439 [Worker-60] INFO  o.e.m.c.i.embedder.EclipseLogger - Using 'UTF-8' encoding to copy filtered resources.
2019-12-12 12:30:55,439 [Worker-60] INFO  o.e.m.c.i.embedder.EclipseLogger - skip non existing resourceDirectory C:\java_hcl\harika\spring\BeanWiring\src\test\resources
2019-12-12 12:31:52,245 [Worker-66] INFO  o.e.m.c.i.embedder.EclipseLogger - Using 'UTF-8' encoding to copy filtered resources.
2019-12-12 12:31:52,246 [Worker-66] INFO  o.e.m.c.i.embedder.EclipseLogger - skip non existing resourceDirectory C:\java_hcl\harika\spring\BeanWiring\src\main\resources
2019-12-12 12:31:52,247 [Worker-66] INFO  o.e.m.c.i.embedder.EclipseLogger - Using 'UTF-8' encoding to copy filtered resources.
2019-12-12 12:31:52,248 [Worker-66] INFO  o.e.m.c.i.embedder.EclipseLogger - skip non existing resourceDirectory C:\java_hcl\harika\spring\BeanWiring\src\test\resources
2019-12-12 12:32:12,336 [Worker-65] INFO  o.e.m.c.i.embedder.EclipseLogger - Using 'UTF-8' encoding to copy filtered resources.
2019-12-12 12:32:12,337 [Worker-65] INFO  o.e.m.c.i.embedder.EclipseLogger - skip non existing resourceDirectory C:\java_hcl\harika\spring\BeanWiring\src\main\resources
2019-12-12 12:32:12,338 [Worker-65] INFO  o.e.m.c.i.embedder.EclipseLogger - Using 'UTF-8' encoding to copy filtered resources.
2019-12-12 12:32:12,338 [Worker-65] INFO  o.e.m.c.i.embedder.EclipseLogger - skip non existing resourceDirectory C:\java_hcl\harika\spring\BeanWiring\src\test\resources
2019-12-12 13:36:10,096 [Worker-77] INFO  o.e.m.c.i.embedder.EclipseLogger - Using 'UTF-8' encoding to copy filtered resources.
2019-12-12 13:36:10,097 [Worker-77] INFO  o.e.m.c.i.embedder.EclipseLogger - skip non existing resourceDirectory C:\java_hcl\harika\spring\BeanWiring\src\main\resources
2019-12-12 13:36:10,099 [Worker-77] INFO  o.e.m.c.i.embedder.EclipseLogger - Using 'UTF-8' encoding to copy filtered resources.
2019-12-12 13:36:10,099 [Worker-77] INFO  o.e.m.c.i.embedder.EclipseLogger - skip non existing resourceDirectory C:\java_hcl\harika\spring\BeanWiring\src\test\resources
2019-12-12 13:39:21,959 [Worker-77] INFO  o.e.m.c.i.embedder.EclipseLogger - Using 'UTF-8' encoding to copy filtered resources.
2019-12-12 13:39:21,959 [Worker-77] INFO  o.e.m.c.i.embedder.EclipseLogger - skip non existing resourceDirectory C:\java_hcl\harika\spring\BeanWiring\src\main\resources
2019-12-12 13:39:21,960 [Worker-77] INFO  o.e.m.c.i.embedder.EclipseLogger - Using 'UTF-8' encoding to copy filtered resources.
2019-12-12 13:39:21,960 [Worker-77] INFO  o.e.m.c.i.embedder.EclipseLogger - skip non existing resourceDirectory C:\java_hcl\harika\spring\BeanWiring\src\test\resources
2019-12-12 13:44:48,320 [Worker-83] INFO  o.e.m.c.i.embedder.EclipseLogger - Using 'UTF-8' encoding to copy filtered resources.
2019-12-12 13:44:48,321 [Worker-83] INFO  o.e.m.c.i.embedder.EclipseLogger - skip non existing resourceDirectory C:\java_hcl\harika\spring\BeanWiring\src\main\resources
2019-12-12 13:44:48,322 [Worker-83] INFO  o.e.m.c.i.embedder.EclipseLogger - Using 'UTF-8' encoding to copy filtered resources.
2019-12-12 13:44:48,322 [Worker-83] INFO  o.e.m.c.i.embedder.EclipseLogger - skip non existing resourceDirectory C:\java_hcl\harika\spring\BeanWiring\src\test\resources
2019-12-12 13:48:45,602 [Worker-87] INFO  o.e.m.c.i.embedder.EclipseLogger - Using 'UTF-8' encoding to copy filtered resources.
2019-12-12 13:48:45,602 [Worker-87] INFO  o.e.m.c.i.embedder.EclipseLogger - skip non existing resourceDirectory C:\java_hcl\harika\spring\BeanWiring\src\main\resources
2019-12-12 13:48:45,603 [Worker-87] INFO  o.e.m.c.i.embedder.EclipseLogger - Using 'UTF-8' encoding to copy filtered resources.
2019-12-12 13:48:45,603 [Worker-87] INFO  o.e.m.c.i.embedder.EclipseLogger - skip non existing resourceDirectory C:\java_hcl\harika\spring\BeanWiring\src\test\resources
2019-12-12 13:49:19,584 [Worker-87] INFO  o.e.m.c.i.embedder.EclipseLogger - Using 'UTF-8' encoding to copy filtered resources.
2019-12-12 13:49:19,584 [Worker-87] INFO  o.e.m.c.i.embedder.EclipseLogger - skip non existing resourceDirectory C:\java_hcl\harika\spring\BeanWiring\src\main\resources
2019-12-12 13:49:19,585 [Worker-87] INFO  o.e.m.c.i.embedder.EclipseLogger - Using 'UTF-8' encoding to copy filtered resources.
2019-12-12 13:49:19,585 [Worker-87] INFO  o.e.m.c.i.embedder.EclipseLogger - skip non existing resourceDirectory C:\java_hcl\harika\spring\BeanWiring\src\test\resources
2019-12-12 13:51:32,742 [Worker-85] INFO  o.e.m.c.i.embedder.EclipseLogger - Using 'UTF-8' encoding to copy filtered resources.
2019-12-12 13:51:32,742 [Worker-85] INFO  o.e.m.c.i.embedder.EclipseLogger - skip non existing resourceDirectory C:\java_hcl\harika\spring\BeanWiring\src\main\resources
2019-12-12 13:51:32,743 [Worker-85] INFO  o.e.m.c.i.embedder.EclipseLogger - Using 'UTF-8' encoding to copy filtered resources.
2019-12-12 13:51:32,743 [Worker-85] INFO  o.e.m.c.i.embedder.EclipseLogger - skip non existing resourceDirectory C:\java_hcl\harika\spring\BeanWiring\src\test\resources
2019-12-12 13:53:51,199 [Worker-90] INFO  o.e.m.c.i.embedder.EclipseLogger - Using 'UTF-8' encoding to copy filtered resources.
2019-12-12 13:53:51,199 [Worker-90] INFO  o.e.m.c.i.embedder.EclipseLogger - skip non existing resourceDirectory C:\java_hcl\harika\spring\BeanWiring\src\main\resources
2019-12-12 13:53:51,200 [Worker-90] INFO  o.e.m.c.i.embedder.EclipseLogger - Using 'UTF-8' encoding to copy filtered resources.
2019-12-12 13:53:51,201 [Worker-90] INFO  o.e.m.c.i.embedder.EclipseLogger - skip non existing resourceDirectory C:\java_hcl\harika\spring\BeanWiring\src\test\resources
2019-12-12 14:00:10,998 [Worker-96] INFO  o.e.m.c.i.embedder.EclipseLogger - Using 'UTF-8' encoding to copy filtered resources.
2019-12-12 14:00:10,999 [Worker-96] INFO  o.e.m.c.i.embedder.EclipseLogger - skip non existing resourceDirectory C:\java_hcl\harika\spring\BeanWiring\src\main\resources
2019-12-12 14:00:11,002 [Worker-96] INFO  o.e.m.c.i.embedder.EclipseLogger - Using 'UTF-8' encoding to copy filtered resources.
2019-12-12 14:00:11,002 [Worker-96] INFO  o.e.m.c.i.embedder.EclipseLogger - skip non existing resourceDirectory C:\java_hcl\harika\spring\BeanWiring\src\test\resources
2019-12-12 14:06:47,668 [Worker-95] INFO  o.e.m.c.i.embedder.EclipseLogger - Using 'UTF-8' encoding to copy filtered resources.
2019-12-12 14:06:47,668 [Worker-95] INFO  o.e.m.c.i.embedder.EclipseLogger - skip non existing resourceDirectory C:\java_hcl\harika\spring\BeanWiring\src\main\resources
2019-12-12 14:06:47,669 [Worker-95] INFO  o.e.m.c.i.embedder.EclipseLogger - Using 'UTF-8' encoding to copy filtered resources.
2019-12-12 14:06:47,669 [Worker-95] INFO  o.e.m.c.i.embedder.EclipseLogger - skip non existing resourceDirectory C:\java_hcl\harika\spring\BeanWiring\src\test\resources
2019-12-12 14:08:44,863 [Worker-95] INFO  o.e.m.c.i.embedder.EclipseLogger - Using 'UTF-8' encoding to copy filtered resources.
2019-12-12 14:08:44,864 [Worker-95] INFO  o.e.m.c.i.embedder.EclipseLogger - skip non existing resourceDirectory C:\java_hcl\harika\spring\BeanWiring\src\main\resources
2019-12-12 14:08:44,866 [Worker-95] INFO  o.e.m.c.i.embedder.EclipseLogger - Using 'UTF-8' encoding to copy filtered resources.
2019-12-12 14:08:44,866 [Worker-95] INFO  o.e.m.c.i.embedder.EclipseLogger - skip non existing resourceDirectory C:\java_hcl\harika\spring\BeanWiring\src\test\resources
2019-12-12 14:09:22,708 [Worker-107] INFO  o.e.m.c.i.embedder.EclipseLogger - Using 'UTF-8' encoding to copy filtered resources.
2019-12-12 14:09:22,708 [Worker-107] INFO  o.e.m.c.i.embedder.EclipseLogger - skip non existing resourceDirectory C:\java_hcl\harika\spring\BeanWiring\src\main\resources
2019-12-12 14:09:22,709 [Worker-107] INFO  o.e.m.c.i.embedder.EclipseLogger - Using 'UTF-8' encoding to copy filtered resources.
2019-12-12 14:09:22,709 [Worker-107] INFO  o.e.m.c.i.embedder.EclipseLogger - skip non existing resourceDirectory C:\java_hcl\harika\spring\BeanWiring\src\test\resources
2019-12-12 14:10:14,526 [Worker-97] INFO  o.e.m.c.i.embedder.EclipseLogger - Using 'UTF-8' encoding to copy filtered resources.
2019-12-12 14:10:14,526 [Worker-97] INFO  o.e.m.c.i.embedder.EclipseLogger - skip non existing resourceDirectory C:\java_hcl\harika\spring\BeanWiring\src\main\resources
2019-12-12 14:10:14,527 [Worker-97] INFO  o.e.m.c.i.embedder.EclipseLogger - Using 'UTF-8' encoding to copy filtered resources.
2019-12-12 14:10:14,527 [Worker-97] INFO  o.e.m.c.i.embedder.EclipseLogger - skip non existing resourceDirectory C:\java_hcl\harika\spring\BeanWiring\src\test\resources
2019-12-12 14:11:13,907 [Worker-107] INFO  o.e.m.c.i.embedder.EclipseLogger - Using 'UTF-8' encoding to copy filtered resources.
2019-12-12 14:11:13,908 [Worker-107] INFO  o.e.m.c.i.embedder.EclipseLogger - skip non existing resourceDirectory C:\java_hcl\harika\spring\BeanWiring\src\main\resources
2019-12-12 14:11:13,909 [Worker-107] INFO  o.e.m.c.i.embedder.EclipseLogger - Using 'UTF-8' encoding to copy filtered resources.
2019-12-12 14:11:13,909 [Worker-107] INFO  o.e.m.c.i.embedder.EclipseLogger - skip non existing resourceDirectory C:\java_hcl\harika\spring\BeanWiring\src\test\resources
2019-12-12 14:12:34,497 [Worker-107] INFO  o.e.m.c.i.embedder.EclipseLogger - Using 'UTF-8' encoding to copy filtered resources.
2019-12-12 14:12:34,498 [Worker-107] INFO  o.e.m.c.i.embedder.EclipseLogger - skip non existing resourceDirectory C:\java_hcl\harika\spring\BeanWiring\src\main\resources
2019-12-12 14:12:34,499 [Worker-107] INFO  o.e.m.c.i.embedder.EclipseLogger - Using 'UTF-8' encoding to copy filtered resources.
2019-12-12 14:12:34,499 [Worker-107] INFO  o.e.m.c.i.embedder.EclipseLogger - skip non existing resourceDirectory C:\java_hcl\harika\spring\BeanWiring\src\test\resources
2019-12-12 14:17:55,192 [Worker-109] INFO  o.e.m.c.i.embedder.EclipseLogger - Using 'UTF-8' encoding to copy filtered resources.
2019-12-12 14:17:55,193 [Worker-109] INFO  o.e.m.c.i.embedder.EclipseLogger - skip non existing resourceDirectory C:\java_hcl\harika\spring\BeanWiring\src\main\resources
2019-12-12 14:17:55,194 [Worker-109] INFO  o.e.m.c.i.embedder.EclipseLogger - Using 'UTF-8' encoding to copy filtered resources.
2019-12-12 14:17:55,194 [Worker-109] INFO  o.e.m.c.i.embedder.EclipseLogger - skip non existing resourceDirectory C:\java_hcl\harika\spring\BeanWiring\src\test\resources
2019-12-12 14:19:31,921 [Worker-105] INFO  o.e.m.c.i.embedder.EclipseLogger - Using 'UTF-8' encoding to copy filtered resources.
2019-12-12 14:19:31,922 [Worker-105] INFO  o.e.m.c.i.embedder.EclipseLogger - skip non existing resourceDirectory C:\java_hcl\harika\spring\BeanWiring\src\main\resources
2019-12-12 14:19:31,925 [Worker-105] INFO  o.e.m.c.i.embedder.EclipseLogger - Using 'UTF-8' encoding to copy filtered resources.
2019-12-12 14:19:31,925 [Worker-105] INFO  o.e.m.c.i.embedder.EclipseLogger - skip non existing resourceDirectory C:\java_hcl\harika\spring\BeanWiring\src\test\resources
2019-12-12 14:25:05,069 [Worker-114] INFO  o.e.m.c.i.embedder.EclipseLogger - Using 'UTF-8' encoding to copy filtered resources.
2019-12-12 14:25:05,070 [Worker-114] INFO  o.e.m.c.i.embedder.EclipseLogger - skip non existing resourceDirectory C:\java_hcl\harika\spring\BeanWiring\src\main\resources
2019-12-12 14:25:05,071 [Worker-114] INFO  o.e.m.c.i.embedder.EclipseLogger - Using 'UTF-8' encoding to copy filtered resources.
2019-12-12 14:25:05,072 [Worker-114] INFO  o.e.m.c.i.embedder.EclipseLogger - skip non existing resourceDirectory C:\java_hcl\harika\spring\BeanWiring\src\test\resources
2019-12-12 14:27:57,512 [Worker-114] INFO  o.e.m.c.i.embedder.EclipseLogger - Using 'UTF-8' encoding to copy filtered resources.
2019-12-12 14:27:57,513 [Worker-114] INFO  o.e.m.c.i.embedder.EclipseLogger - skip non existing resourceDirectory C:\java_hcl\harika\spring\BeanWiring\src\main\resources
2019-12-12 14:27:57,513 [Worker-114] INFO  o.e.m.c.i.embedder.EclipseLogger - Using 'UTF-8' encoding to copy filtered resources.
2019-12-12 14:27:57,513 [Worker-114] INFO  o.e.m.c.i.embedder.EclipseLogger - skip non existing resourceDirectory C:\java_hcl\harika\spring\BeanWiring\src\test\resources
2019-12-12 14:29:06,941 [Worker-117] INFO  o.e.m.c.i.embedder.EclipseLogger - Using 'UTF-8' encoding to copy filtered resources.
2019-12-12 14:29:06,941 [Worker-117] INFO  o.e.m.c.i.embedder.EclipseLogger - skip non existing resourceDirectory C:\java_hcl\harika\spring\BeanWiring\src\main\resources
2019-12-12 14:29:06,942 [Worker-117] INFO  o.e.m.c.i.embedder.EclipseLogger - Using 'UTF-8' encoding to copy filtered resources.
2019-12-12 14:29:06,943 [Worker-117] INFO  o.e.m.c.i.embedder.EclipseLogger - skip non existing resourceDirectory C:\java_hcl\harika\spring\BeanWiring\src\test\resources
2019-12-12 14:29:28,318 [Worker-107] INFO  o.e.m.c.i.embedder.EclipseLogger - Using 'UTF-8' encoding to copy filtered resources.
2019-12-12 14:29:28,319 [Worker-107] INFO  o.e.m.c.i.embedder.EclipseLogger - skip non existing resourceDirectory C:\java_hcl\harika\spring\BeanWiring\src\main\resources
2019-12-12 14:29:28,320 [Worker-107] INFO  o.e.m.c.i.embedder.EclipseLogger - Using 'UTF-8' encoding to copy filtered resources.
2019-12-12 14:29:28,320 [Worker-107] INFO  o.e.m.c.i.embedder.EclipseLogger - skip non existing resourceDirectory C:\java_hcl\harika\spring\BeanWiring\src\test\resources
2019-12-12 14:35:35,717 [Worker-118] INFO  o.e.m.c.i.p.ProjectConfigurationManager - Collecting project info '/pom.xml' C:\java_hcl\harika\spring\ConstructorDemo\pom.xml
2019-12-12 14:35:35,812 [Worker-118] INFO  o.e.m.c.i.l.LifecycleMappingFactory - Using org.eclipse.m2e.jdt.JarLifecycleMapping lifecycle mapping for MavenProject: hcl:ConstructorDemo:0.0.1-SNAPSHOT @ C:\java_hcl\harika\spring\ConstructorDemo\pom.xml.
2019-12-12 14:35:35,947 [Worker-118] INFO  o.e.m.j.i.AbstractJavaProjectConfigurator - Adding source folder /ConstructorDemo/src/main/java
2019-12-12 14:35:35,950 [Worker-118] INFO  o.e.m.j.i.AbstractJavaProjectConfigurator - Adding source folder /ConstructorDemo/src/test/java
2019-12-12 14:35:36,004 [Worker-118] INFO  o.e.m.c.i.p.ProjectConfigurationManager - Imported and configured 1 project(s) in 0 sec
2019-12-12 14:35:36,370 [Worker-118] INFO  o.e.m.c.i.embedder.EclipseLogger - Using 'UTF-8' encoding to copy filtered resources.
2019-12-12 14:35:36,371 [Worker-118] INFO  o.e.m.c.i.embedder.EclipseLogger - skip non existing resourceDirectory C:\java_hcl\harika\spring\ConstructorDemo\src\main\resources
2019-12-12 14:35:36,371 [Worker-118] INFO  o.e.m.c.i.embedder.EclipseLogger - Using 'UTF-8' encoding to copy filtered resources.
2019-12-12 14:35:36,371 [Worker-118] INFO  o.e.m.c.i.embedder.EclipseLogger - skip non existing resourceDirectory C:\java_hcl\harika\spring\ConstructorDemo\src\test\resources
2019-12-12 14:36:28,928 [Worker-121] INFO  o.e.m.c.i.embedder.EclipseLogger - Using 'UTF-8' encoding to copy filtered resources.
2019-12-12 14:36:28,928 [Worker-121] INFO  o.e.m.c.i.embedder.EclipseLogger - skip non existing resourceDirectory C:\java_hcl\harika\spring\ConstructorDemo\src\main\resources
2019-12-12 14:36:28,929 [Worker-121] INFO  o.e.m.c.i.embedder.EclipseLogger - Using 'UTF-8' encoding to copy filtered resources.
2019-12-12 14:36:28,930 [Worker-121] INFO  o.e.m.c.i.embedder.EclipseLogger - skip non existing resourceDirectory C:\java_hcl\harika\spring\ConstructorDemo\src\test\resources
2019-12-12 14:36:57,360 [Worker-117] INFO  o.e.m.c.i.embedder.EclipseLogger - Using 'UTF-8' encoding to copy filtered resources.
2019-12-12 14:36:57,360 [Worker-117] INFO  o.e.m.c.i.embedder.EclipseLogger - skip non existing resourceDirectory C:\java_hcl\harika\spring\ConstructorDemo\src\main\resources
2019-12-12 14:36:57,362 [Worker-117] INFO  o.e.m.c.i.embedder.EclipseLogger - Using 'UTF-8' encoding to copy filtered resources.
2019-12-12 14:36:57,363 [Worker-117] INFO  o.e.m.c.i.embedder.EclipseLogger - skip non existing resourceDirectory C:\java_hcl\harika\spring\ConstructorDemo\src\test\resources
2019-12-12 14:37:18,955 [Worker-117] INFO  o.e.m.c.i.embedder.EclipseLogger - Using 'UTF-8' encoding to copy filtered resources.
2019-12-12 14:37:18,955 [Worker-117] INFO  o.e.m.c.i.embedder.EclipseLogger - skip non existing resourceDirectory C:\java_hcl\harika\spring\ConstructorDemo\src\main\resources
2019-12-12 14:37:18,956 [Worker-117] INFO  o.e.m.c.i.embedder.EclipseLogger - Using 'UTF-8' encoding to copy filtered resources.
2019-12-12 14:37:18,956 [Worker-117] INFO  o.e.m.c.i.embedder.EclipseLogger - skip non existing resourceDirectory C:\java_hcl\harika\spring\ConstructorDemo\src\test\resources
2019-12-12 14:40:19,830 [Worker-121] INFO  o.e.m.c.i.embedder.EclipseLogger - Using 'UTF-8' encoding to copy filtered resources.
2019-12-12 14:40:19,831 [Worker-121] INFO  o.e.m.c.i.embedder.EclipseLogger - skip non existing resourceDirectory C:\java_hcl\harika\spring\ConstructorDemo\src\main\resources
2019-12-12 14:40:19,832 [Worker-121] INFO  o.e.m.c.i.embedder.EclipseLogger - Using 'UTF-8' encoding to copy filtered resources.
2019-12-12 14:40:19,832 [Worker-121] INFO  o.e.m.c.i.embedder.EclipseLogger - skip non existing resourceDirectory C:\java_hcl\harika\spring\ConstructorDemo\src\test\resources
2019-12-12 14:46:52,297 [Worker-121] INFO  o.e.m.c.i.embedder.EclipseLogger - Using 'UTF-8' encoding to copy filtered resources.
2019-12-12 14:46:52,297 [Worker-121] INFO  o.e.m.c.i.embedder.EclipseLogger - skip non existing resourceDirectory C:\java_hcl\harika\spring\ConstructorDemo\src\main\resources
2019-12-12 14:46:52,298 [Worker-121] INFO  o.e.m.c.i.embedder.EclipseLogger - Using 'UTF-8' encoding to copy filtered resources.
2019-12-12 14:46:52,299 [Worker-121] INFO  o.e.m.c.i.embedder.EclipseLogger - skip non existing resourceDirectory C:\java_hcl\harika\spring\ConstructorDemo\src\test\resources
2019-12-12 14:47:06,420 [Worker-125] INFO  o.e.m.c.i.embedder.EclipseLogger - Using 'UTF-8' encoding to copy filtered resources.
2019-12-12 14:47:06,421 [Worker-125] INFO  o.e.m.c.i.embedder.EclipseLogger - skip non existing resourceDirectory C:\java_hcl\harika\spring\ConstructorDemo\src\main\resources
2019-12-12 14:47:06,422 [Worker-125] INFO  o.e.m.c.i.embedder.EclipseLogger - Using 'UTF-8' encoding to copy filtered resources.
2019-12-12 14:47:06,423 [Worker-125] INFO  o.e.m.c.i.embedder.EclipseLogger - skip non existing resourceDirectory C:\java_hcl\harika\spring\ConstructorDemo\src\test\resources
2019-12-12 14:52:48,448 [Worker-130] INFO  o.e.m.c.i.embedder.EclipseLogger - Using 'UTF-8' encoding to copy filtered resources.
2019-12-12 14:52:48,450 [Worker-130] INFO  o.e.m.c.i.embedder.EclipseLogger - skip non existing resourceDirectory C:\java_hcl\harika\spring\ConstructorDemo\src\main\resources
2019-12-12 14:52:48,452 [Worker-130] INFO  o.e.m.c.i.embedder.EclipseLogger - Using 'UTF-8' encoding to copy filtered resources.
2019-12-12 14:52:48,452 [Worker-130] INFO  o.e.m.c.i.embedder.EclipseLogger - skip non existing resourceDirectory C:\java_hcl\harika\spring\ConstructorDemo\src\test\resources
2019-12-12 14:53:46,117 [Worker-125] INFO  o.e.m.c.i.embedder.EclipseLogger - Using 'UTF-8' encoding to copy filtered resources.
2019-12-12 14:53:46,118 [Worker-125] INFO  o.e.m.c.i.embedder.EclipseLogger - skip non existing resourceDirectory C:\java_hcl\harika\spring\ConstructorDemo\src\main\resources
2019-12-12 14:53:46,120 [Worker-125] INFO  o.e.m.c.i.embedder.EclipseLogger - Using 'UTF-8' encoding to copy filtered resources.
2019-12-12 14:53:46,120 [Worker-125] INFO  o.e.m.c.i.embedder.EclipseLogger - skip non existing resourceDirectory C:\java_hcl\harika\spring\ConstructorDemo\src\test\resources
2019-12-12 14:58:27,971 [Worker-133] INFO  o.e.m.c.i.embedder.EclipseLogger - Using 'UTF-8' encoding to copy filtered resources.
2019-12-12 14:58:27,972 [Worker-133] INFO  o.e.m.c.i.embedder.EclipseLogger - skip non existing resourceDirectory C:\java_hcl\harika\spring\ConstructorDemo\src\main\resources
2019-12-12 14:58:27,973 [Worker-133] INFO  o.e.m.c.i.embedder.EclipseLogger - Using 'UTF-8' encoding to copy filtered resources.
2019-12-12 14:58:27,973 [Worker-133] INFO  o.e.m.c.i.embedder.EclipseLogger - skip non existing resourceDirectory C:\java_hcl\harika\spring\ConstructorDemo\src\test\resources
2019-12-12 14:59:19,349 [Worker-135] INFO  o.e.m.c.i.embedder.EclipseLogger - Using 'UTF-8' encoding to copy filtered resources.
2019-12-12 14:59:19,349 [Worker-135] INFO  o.e.m.c.i.embedder.EclipseLogger - skip non existing resourceDirectory C:\java_hcl\harika\spring\ConstructorDemo\src\main\resources
2019-12-12 14:59:19,350 [Worker-135] INFO  o.e.m.c.i.embedder.EclipseLogger - Using 'UTF-8' encoding to copy filtered resources.
2019-12-12 14:59:19,351 [Worker-135] INFO  o.e.m.c.i.embedder.EclipseLogger - skip non existing resourceDirectory C:\java_hcl\harika\spring\ConstructorDemo\src\test\resources
2019-12-12 15:00:59,798 [Worker-134] INFO  o.e.m.c.i.l.LifecycleMappingFactory - Using org.eclipse.m2e.jdt.JarLifecycleMapping lifecycle mapping for MavenProject: hcl:ConstructorDemo:0.0.1-SNAPSHOT @ C:\java_hcl\harika\spring\ConstructorDemo\pom.xml.
2019-12-12 15:01:00,199 [Worker-134] INFO  o.e.m.c.i.embedder.EclipseLogger - Using 'UTF-8' encoding to copy filtered resources.
2019-12-12 15:01:00,199 [Worker-134] INFO  o.e.m.c.i.embedder.EclipseLogger - skip non existing resourceDirectory C:\java_hcl\harika\spring\ConstructorDemo\src\main\resources
2019-12-12 15:01:00,200 [Worker-134] INFO  o.e.m.c.i.embedder.EclipseLogger - Using 'UTF-8' encoding to copy filtered resources.
2019-12-12 15:01:00,200 [Worker-134] INFO  o.e.m.c.i.embedder.EclipseLogger - skip non existing resourceDirectory C:\java_hcl\harika\spring\ConstructorDemo\src\test\resources
2019-12-12 15:01:01,489 [Worker-134] INFO  o.e.m.c.i.embedder.EclipseLogger - Using 'UTF-8' encoding to copy filtered resources.
2019-12-12 15:01:01,490 [Worker-134] INFO  o.e.m.c.i.embedder.EclipseLogger - skip non existing resourceDirectory C:\java_hcl\harika\spring\ConstructorDemo\src\main\resources
2019-12-12 15:01:01,491 [Worker-134] INFO  o.e.m.c.i.embedder.EclipseLogger - Using 'UTF-8' encoding to copy filtered resources.
2019-12-12 15:01:01,491 [Worker-134] INFO  o.e.m.c.i.embedder.EclipseLogger - skip non existing resourceDirectory C:\java_hcl\harika\spring\ConstructorDemo\src\test\resources
2019-12-12 15:01:37,180 [Worker-130] INFO  o.e.m.c.i.embedder.EclipseLogger - Using 'UTF-8' encoding to copy filtered resources.
2019-12-12 15:01:37,180 [Worker-130] INFO  o.e.m.c.i.embedder.EclipseLogger - skip non existing resourceDirectory C:\java_hcl\harika\spring\ConstructorDemo\src\main\resources
2019-12-12 15:01:37,181 [Worker-130] INFO  o.e.m.c.i.embedder.EclipseLogger - Using 'UTF-8' encoding to copy filtered resources.
2019-12-12 15:01:37,182 [Worker-130] INFO  o.e.m.c.i.embedder.EclipseLogger - skip non existing resourceDirectory C:\java_hcl\harika\spring\ConstructorDemo\src\test\resources
2019-12-12 15:19:25,559 [Worker-140] INFO  o.e.m.c.i.p.ProjectConfigurationManager - Collecting project info '/pom.xml' C:\java_hcl\harika\spring\SpringEmployInsert\pom.xml
2019-12-12 15:19:25,663 [Worker-140] INFO  o.e.m.c.i.l.LifecycleMappingFactory - Using org.eclipse.m2e.jdt.JarLifecycleMapping lifecycle mapping for MavenProject: hcl:SpringEmployInsert:0.0.1-SNAPSHOT @ C:\java_hcl\harika\spring\SpringEmployInsert\pom.xml.
2019-12-12 15:19:25,799 [Worker-140] INFO  o.e.m.j.i.AbstractJavaProjectConfigurator - Adding source folder /SpringEmployInsert/src/main/java
2019-12-12 15:19:25,803 [Worker-140] INFO  o.e.m.j.i.AbstractJavaProjectConfigurator - Adding source folder /SpringEmployInsert/src/test/java
2019-12-12 15:19:25,855 [Worker-140] INFO  o.e.m.c.i.p.ProjectConfigurationManager - Imported and configured 1 project(s) in 0 sec
2019-12-12 15:19:26,075 [Worker-139] INFO  o.e.m.c.i.embedder.EclipseLogger - Using 'UTF-8' encoding to copy filtered resources.
2019-12-12 15:19:26,075 [Worker-139] INFO  o.e.m.c.i.embedder.EclipseLogger - skip non existing resourceDirectory C:\java_hcl\harika\spring\SpringEmployInsert\src\main\resources
2019-12-12 15:19:26,076 [Worker-139] INFO  o.e.m.c.i.embedder.EclipseLogger - Using 'UTF-8' encoding to copy filtered resources.
2019-12-12 15:19:26,076 [Worker-139] INFO  o.e.m.c.i.embedder.EclipseLogger - skip non existing resourceDirectory C:\java_hcl\harika\spring\SpringEmployInsert\src\test\resources
2019-12-12 15:23:18,586 [Worker-143] INFO  o.e.m.c.i.l.LifecycleMappingFactory - Using org.eclipse.m2e.jdt.JarLifecycleMapping lifecycle mapping for MavenProject: hcl:SpringEmployInsert:0.0.1-SNAPSHOT @ C:\java_hcl\harika\spring\SpringEmployInsert\pom.xml.
2019-12-12 15:23:18,828 [Worker-143] INFO  o.e.m.c.i.embedder.EclipseLogger - Using 'UTF-8' encoding to copy filtered resources.
2019-12-12 15:23:18,829 [Worker-143] INFO  o.e.m.c.i.embedder.EclipseLogger - skip non existing resourceDirectory C:\java_hcl\harika\spring\SpringEmployInsert\src\main\resources
2019-12-12 15:23:18,830 [Worker-143] INFO  o.e.m.c.i.embedder.EclipseLogger - Using 'UTF-8' encoding to copy filtered resources.
2019-12-12 15:23:18,830 [Worker-143] INFO  o.e.m.c.i.embedder.EclipseLogger - skip non existing resourceDirectory C:\java_hcl\harika\spring\SpringEmployInsert\src\test\resources
2019-12-12 15:23:20,114 [Worker-146] INFO  o.e.m.c.i.embedder.EclipseLogger - Using 'UTF-8' encoding to copy filtered resources.
2019-12-12 15:23:20,114 [Worker-146] INFO  o.e.m.c.i.embedder.EclipseLogger - skip non existing resourceDirectory C:\java_hcl\harika\spring\SpringEmployInsert\src\main\resources
2019-12-12 15:23:20,115 [Worker-146] INFO  o.e.m.c.i.embedder.EclipseLogger - Using 'UTF-8' encoding to copy filtered resources.
2019-12-12 15:23:20,115 [Worker-146] INFO  o.e.m.c.i.embedder.EclipseLogger - skip non existing resourceDirectory C:\java_hcl\harika\spring\SpringEmployInsert\src\test\resources
2019-12-12 15:23:53,553 [Worker-141] INFO  o.e.m.c.i.embedder.EclipseLogger - Using 'UTF-8' encoding to copy filtered resources.
2019-12-12 15:23:53,553 [Worker-141] INFO  o.e.m.c.i.embedder.EclipseLogger - skip non existing resourceDirectory C:\java_hcl\harika\spring\SpringEmployInsert\src\main\resources
2019-12-12 15:23:53,554 [Worker-141] INFO  o.e.m.c.i.embedder.EclipseLogger - Using 'UTF-8' encoding to copy filtered resources.
2019-12-12 15:23:53,554 [Worker-141] INFO  o.e.m.c.i.embedder.EclipseLogger - skip non existing resourceDirectory C:\java_hcl\harika\spring\SpringEmployInsert\src\test\resources
2019-12-12 15:31:39,939 [Worker-148] INFO  o.e.m.c.i.embedder.EclipseLogger - Using 'UTF-8' encoding to copy filtered resources.
2019-12-12 15:31:39,940 [Worker-148] INFO  o.e.m.c.i.embedder.EclipseLogger - skip non existing resourceDirectory C:\java_hcl\harika\spring\SpringEmployInsert\src\main\resources
2019-12-12 15:31:39,940 [Worker-148] INFO  o.e.m.c.i.embedder.EclipseLogger - Using 'UTF-8' encoding to copy filtered resources.
2019-12-12 15:31:39,941 [Worker-148] INFO  o.e.m.c.i.embedder.EclipseLogger - skip non existing resourceDirectory C:\java_hcl\harika\spring\SpringEmployInsert\src\test\resources
2019-12-12 15:32:43,952 [Worker-148] INFO  o.e.m.c.i.embedder.EclipseLogger - Using 'UTF-8' encoding to copy filtered resources.
2019-12-12 15:32:43,952 [Worker-148] INFO  o.e.m.c.i.embedder.EclipseLogger - skip non existing resourceDirectory C:\java_hcl\harika\spring\SpringEmployInsert\src\main\resources
2019-12-12 15:32:43,953 [Worker-148] INFO  o.e.m.c.i.embedder.EclipseLogger - Using 'UTF-8' encoding to copy filtered resources.
2019-12-12 15:32:43,953 [Worker-148] INFO  o.e.m.c.i.embedder.EclipseLogger - skip non existing resourceDirectory C:\java_hcl\harika\spring\SpringEmployInsert\src\test\resources
2019-12-12 15:33:14,389 [Worker-148] INFO  o.e.m.c.i.embedder.EclipseLogger - Using 'UTF-8' encoding to copy filtered resources.
2019-12-12 15:33:14,389 [Worker-148] INFO  o.e.m.c.i.embedder.EclipseLogger - skip non existing resourceDirectory C:\java_hcl\harika\spring\SpringEmployInsert\src\main\resources
2019-12-12 15:33:14,391 [Worker-148] INFO  o.e.m.c.i.embedder.EclipseLogger - Using 'UTF-8' encoding to copy filtered resources.
2019-12-12 15:33:14,391 [Worker-148] INFO  o.e.m.c.i.embedder.EclipseLogger - skip non existing resourceDirectory C:\java_hcl\harika\spring\SpringEmployInsert\src\test\resources
2019-12-12 15:33:30,712 [Worker-149] INFO  o.e.m.c.i.embedder.EclipseLogger - Using 'UTF-8' encoding to copy filtered resources.
2019-12-12 15:33:30,712 [Worker-149] INFO  o.e.m.c.i.embedder.EclipseLogger - skip non existing resourceDirectory C:\java_hcl\harika\spring\SpringEmployInsert\src\main\resources
2019-12-12 15:33:30,716 [Worker-149] INFO  o.e.m.c.i.embedder.EclipseLogger - Using 'UTF-8' encoding to copy filtered resources.
2019-12-12 15:33:30,716 [Worker-149] INFO  o.e.m.c.i.embedder.EclipseLogger - skip non existing resourceDirectory C:\java_hcl\harika\spring\SpringEmployInsert\src\test\resources
2019-12-12 15:37:17,361 [Worker-150] INFO  o.e.m.c.i.embedder.EclipseLogger - Using 'UTF-8' encoding to copy filtered resources.
2019-12-12 15:37:17,362 [Worker-150] INFO  o.e.m.c.i.embedder.EclipseLogger - skip non existing resourceDirectory C:\java_hcl\harika\spring\SpringEmployInsert\src\main\resources
2019-12-12 15:37:17,363 [Worker-150] INFO  o.e.m.c.i.embedder.EclipseLogger - Using 'UTF-8' encoding to copy filtered resources.
2019-12-12 15:37:17,363 [Worker-150] INFO  o.e.m.c.i.embedder.EclipseLogger - skip non existing resourceDirectory C:\java_hcl\harika\spring\SpringEmployInsert\src\test\resources
2019-12-12 16:02:10,078 [Worker-154] INFO  o.e.m.c.i.p.ProjectConfigurationManager - Collecting project info '/pom.xml' C:\java_hcl\harika\spring\DepartmentInsert\pom.xml
2019-12-12 16:02:10,169 [Worker-154] INFO  o.e.m.c.i.l.LifecycleMappingFactory - Using org.eclipse.m2e.jdt.JarLifecycleMapping lifecycle mapping for MavenProject: hcl:DepartmentInsert:0.0.1-SNAPSHOT @ C:\java_hcl\harika\spring\DepartmentInsert\pom.xml.
2019-12-12 16:02:10,323 [Worker-154] INFO  o.e.m.j.i.AbstractJavaProjectConfigurator - Adding source folder /DepartmentInsert/src/main/java
2019-12-12 16:02:10,327 [Worker-154] INFO  o.e.m.j.i.AbstractJavaProjectConfigurator - Adding source folder /DepartmentInsert/src/test/java
2019-12-12 16:02:10,384 [Worker-154] INFO  o.e.m.c.i.p.ProjectConfigurationManager - Imported and configured 1 project(s) in 0 sec
2019-12-12 16:02:10,614 [Worker-152] INFO  o.e.m.c.i.embedder.EclipseLogger - Using 'UTF-8' encoding to copy filtered resources.
2019-12-12 16:02:10,614 [Worker-152] INFO  o.e.m.c.i.embedder.EclipseLogger - skip non existing resourceDirectory C:\java_hcl\harika\spring\DepartmentInsert\src\main\resources
2019-12-12 16:02:10,615 [Worker-152] INFO  o.e.m.c.i.embedder.EclipseLogger - Using 'UTF-8' encoding to copy filtered resources.
2019-12-12 16:02:10,616 [Worker-152] INFO  o.e.m.c.i.embedder.EclipseLogger - skip non existing resourceDirectory C:\java_hcl\harika\spring\DepartmentInsert\src\test\resources
2019-12-12 16:02:37,372 [Worker-154] INFO  o.e.m.c.i.embedder.EclipseLogger - Using 'UTF-8' encoding to copy filtered resources.
2019-12-12 16:02:37,372 [Worker-154] INFO  o.e.m.c.i.embedder.EclipseLogger - skip non existing resourceDirectory C:\java_hcl\harika\spring\DepartmentInsert\src\main\resources
2019-12-12 16:02:37,373 [Worker-154] INFO  o.e.m.c.i.embedder.EclipseLogger - Using 'UTF-8' encoding to copy filtered resources.
2019-12-12 16:02:37,373 [Worker-154] INFO  o.e.m.c.i.embedder.EclipseLogger - skip non existing resourceDirectory C:\java_hcl\harika\spring\DepartmentInsert\src\test\resources
2019-12-12 16:03:22,856 [Worker-156] INFO  o.e.m.c.i.embedder.EclipseLogger - Using 'UTF-8' encoding to copy filtered resources.
2019-12-12 16:03:22,856 [Worker-156] INFO  o.e.m.c.i.embedder.EclipseLogger - skip non existing resourceDirectory C:\java_hcl\harika\spring\DepartmentInsert\src\main\resources
2019-12-12 16:03:22,857 [Worker-156] INFO  o.e.m.c.i.embedder.EclipseLogger - Using 'UTF-8' encoding to copy filtered resources.
2019-12-12 16:03:22,858 [Worker-156] INFO  o.e.m.c.i.embedder.EclipseLogger - skip non existing resourceDirectory C:\java_hcl\harika\spring\DepartmentInsert\src\test\resources
2019-12-12 16:04:02,084 [Worker-154] INFO  o.e.m.c.i.embedder.EclipseLogger - Using 'UTF-8' encoding to copy filtered resources.
2019-12-12 16:04:02,084 [Worker-154] INFO  o.e.m.c.i.embedder.EclipseLogger - skip non existing resourceDirectory C:\java_hcl\harika\spring\DepartmentInsert\src\main\resources
2019-12-12 16:04:02,085 [Worker-154] INFO  o.e.m.c.i.embedder.EclipseLogger - Using 'UTF-8' encoding to copy filtered resources.
2019-12-12 16:04:02,085 [Worker-154] INFO  o.e.m.c.i.embedder.EclipseLogger - skip non existing resourceDirectory C:\java_hcl\harika\spring\DepartmentInsert\src\test\resources
2019-12-12 16:04:02,177 [Worker-154] INFO  o.e.m.c.i.embedder.EclipseLogger - Using 'UTF-8' encoding to copy filtered resources.
2019-12-12 16:04:02,178 [Worker-154] INFO  o.e.m.c.i.embedder.EclipseLogger - skip non existing resourceDirectory C:\java_hcl\harika\spring\SpringEmployInsert\src\main\resources
2019-12-12 16:04:02,180 [Worker-154] INFO  o.e.m.c.i.embedder.EclipseLogger - Using 'UTF-8' encoding to copy filtered resources.
2019-12-12 16:04:02,181 [Worker-154] INFO  o.e.m.c.i.embedder.EclipseLogger - skip non existing resourceDirectory C:\java_hcl\harika\spring\SpringEmployInsert\src\test\resources
2019-12-12 16:04:49,725 [Worker-156] INFO  o.e.m.c.i.embedder.EclipseLogger - Using 'UTF-8' encoding to copy filtered resources.
2019-12-12 16:04:49,725 [Worker-156] INFO  o.e.m.c.i.embedder.EclipseLogger - skip non existing resourceDirectory C:\java_hcl\harika\spring\DepartmentInsert\src\main\resources
2019-12-12 16:04:49,726 [Worker-156] INFO  o.e.m.c.i.embedder.EclipseLogger - Using 'UTF-8' encoding to copy filtered resources.
2019-12-12 16:04:49,726 [Worker-156] INFO  o.e.m.c.i.embedder.EclipseLogger - skip non existing resourceDirectory C:\java_hcl\harika\spring\DepartmentInsert\src\test\resources
2019-12-12 16:06:19,544 [Worker-156] INFO  o.e.m.c.i.l.LifecycleMappingFactory - Using org.eclipse.m2e.jdt.JarLifecycleMapping lifecycle mapping for MavenProject: hcl:DepartmentInsert:0.0.1-SNAPSHOT @ C:\java_hcl\harika\spring\DepartmentInsert\pom.xml.
2019-12-12 16:06:19,750 [Worker-156] INFO  o.e.m.c.i.embedder.EclipseLogger - Using 'UTF-8' encoding to copy filtered resources.
2019-12-12 16:06:19,751 [Worker-156] INFO  o.e.m.c.i.embedder.EclipseLogger - skip non existing resourceDirectory C:\java_hcl\harika\spring\DepartmentInsert\src\main\resources
2019-12-12 16:06:19,752 [Worker-156] INFO  o.e.m.c.i.embedder.EclipseLogger - Using 'UTF-8' encoding to copy filtered resources.
2019-12-12 16:06:19,752 [Worker-156] INFO  o.e.m.c.i.embedder.EclipseLogger - skip non existing resourceDirectory C:\java_hcl\harika\spring\DepartmentInsert\src\test\resources
2019-12-12 16:06:21,048 [Worker-154] INFO  o.e.m.c.i.embedder.EclipseLogger - Using 'UTF-8' encoding to copy filtered resources.
2019-12-12 16:06:21,049 [Worker-154] INFO  o.e.m.c.i.embedder.EclipseLogger - skip non existing resourceDirectory C:\java_hcl\harika\spring\DepartmentInsert\src\main\resources
2019-12-12 16:06:21,051 [Worker-154] INFO  o.e.m.c.i.embedder.EclipseLogger - Using 'UTF-8' encoding to copy filtered resources.
2019-12-12 16:06:21,052 [Worker-154] INFO  o.e.m.c.i.embedder.EclipseLogger - skip non existing resourceDirectory C:\java_hcl\harika\spring\DepartmentInsert\src\test\resources
2019-12-12 16:07:39,851 [Worker-157] INFO  o.e.m.c.i.embedder.EclipseLogger - Using 'UTF-8' encoding to copy filtered resources.
2019-12-12 16:07:39,851 [Worker-157] INFO  o.e.m.c.i.embedder.EclipseLogger - skip non existing resourceDirectory C:\java_hcl\harika\spring\DepartmentInsert\src\main\resources
2019-12-12 16:07:39,852 [Worker-157] INFO  o.e.m.c.i.embedder.EclipseLogger - Using 'UTF-8' encoding to copy filtered resources.
2019-12-12 16:07:39,852 [Worker-157] INFO  o.e.m.c.i.embedder.EclipseLogger - skip non existing resourceDirectory C:\java_hcl\harika\spring\DepartmentInsert\src\test\resources
2019-12-12 16:08:23,166 [Worker-155] INFO  o.e.m.c.i.embedder.EclipseLogger - Using 'UTF-8' encoding to copy filtered resources.
2019-12-12 16:08:23,167 [Worker-155] INFO  o.e.m.c.i.embedder.EclipseLogger - skip non existing resourceDirectory C:\java_hcl\harika\spring\DepartmentInsert\src\main\resources
2019-12-12 16:08:23,168 [Worker-155] INFO  o.e.m.c.i.embedder.EclipseLogger - Using 'UTF-8' encoding to copy filtered resources.
2019-12-12 16:08:23,168 [Worker-155] INFO  o.e.m.c.i.embedder.EclipseLogger - skip non existing resourceDirectory C:\java_hcl\harika\spring\DepartmentInsert\src\test\resources
2019-12-12 16:09:54,430 [Worker-155] INFO  o.e.m.c.i.p.ProjectConfigurationManager - Collecting project info '/pom.xml' C:\java_hcl\harika\spring\SpringEmploySearch\pom.xml
2019-12-12 16:09:54,535 [Worker-155] INFO  o.e.m.c.i.l.LifecycleMappingFactory - Using org.eclipse.m2e.jdt.JarLifecycleMapping lifecycle mapping for MavenProject: hcl:SpringEmploySearch:0.0.1-SNAPSHOT @ C:\java_hcl\harika\spring\SpringEmploySearch\pom.xml.
2019-12-12 16:09:54,713 [Worker-155] INFO  o.e.m.j.i.AbstractJavaProjectConfigurator - Adding source folder /SpringEmploySearch/src/main/java
2019-12-12 16:09:54,717 [Worker-155] INFO  o.e.m.j.i.AbstractJavaProjectConfigurator - Adding source folder /SpringEmploySearch/src/test/java
2019-12-12 16:09:54,760 [Worker-155] INFO  o.e.m.c.i.p.ProjectConfigurationManager - Imported and configured 1 project(s) in 0 sec
2019-12-12 16:09:54,994 [Worker-157] INFO  o.e.m.c.i.embedder.EclipseLogger - Using 'UTF-8' encoding to copy filtered resources.
2019-12-12 16:09:54,994 [Worker-157] INFO  o.e.m.c.i.embedder.EclipseLogger - skip non existing resourceDirectory C:\java_hcl\harika\spring\SpringEmploySearch\src\main\resources
2019-12-12 16:09:54,995 [Worker-157] INFO  o.e.m.c.i.embedder.EclipseLogger - Using 'UTF-8' encoding to copy filtered resources.
2019-12-12 16:09:54,996 [Worker-157] INFO  o.e.m.c.i.embedder.EclipseLogger - skip non existing resourceDirectory C:\java_hcl\harika\spring\SpringEmploySearch\src\test\resources
2019-12-12 16:10:53,653 [Worker-154] INFO  o.e.m.c.i.l.LifecycleMappingFactory - Using org.eclipse.m2e.jdt.JarLifecycleMapping lifecycle mapping for MavenProject: hcl:SpringEmploySearch:0.0.1-SNAPSHOT @ C:\java_hcl\harika\spring\SpringEmploySearch\pom.xml.
2019-12-12 16:10:53,853 [Worker-154] INFO  o.e.m.c.i.embedder.EclipseLogger - Using 'UTF-8' encoding to copy filtered resources.
2019-12-12 16:10:53,853 [Worker-154] INFO  o.e.m.c.i.embedder.EclipseLogger - skip non existing resourceDirectory C:\java_hcl\harika\spring\SpringEmploySearch\src\main\resources
2019-12-12 16:10:53,861 [Worker-154] INFO  o.e.m.c.i.embedder.EclipseLogger - Using 'UTF-8' encoding to copy filtered resources.
2019-12-12 16:10:53,862 [Worker-154] INFO  o.e.m.c.i.embedder.EclipseLogger - skip non existing resourceDirectory C:\java_hcl\harika\spring\SpringEmploySearch\src\test\resources
2019-12-12 16:10:55,118 [Worker-159] INFO  o.e.m.c.i.embedder.EclipseLogger - Using 'UTF-8' encoding to copy filtered resources.
2019-12-12 16:10:55,118 [Worker-159] INFO  o.e.m.c.i.embedder.EclipseLogger - skip non existing resourceDirectory C:\java_hcl\harika\spring\SpringEmploySearch\src\main\resources
2019-12-12 16:10:55,119 [Worker-159] INFO  o.e.m.c.i.embedder.EclipseLogger - Using 'UTF-8' encoding to copy filtered resources.
2019-12-12 16:10:55,119 [Worker-159] INFO  o.e.m.c.i.embedder.EclipseLogger - skip non existing resourceDirectory C:\java_hcl\harika\spring\SpringEmploySearch\src\test\resources
2019-12-12 16:11:30,898 [Worker-158] INFO  o.e.m.c.i.embedder.EclipseLogger - Using 'UTF-8' encoding to copy filtered resources.
2019-12-12 16:11:30,898 [Worker-158] INFO  o.e.m.c.i.embedder.EclipseLogger - skip non existing resourceDirectory C:\java_hcl\harika\spring\SpringEmploySearch\src\main\resources
2019-12-12 16:11:30,899 [Worker-158] INFO  o.e.m.c.i.embedder.EclipseLogger - Using 'UTF-8' encoding to copy filtered resources.
2019-12-12 16:11:30,899 [Worker-158] INFO  o.e.m.c.i.embedder.EclipseLogger - skip non existing resourceDirectory C:\java_hcl\harika\spring\SpringEmploySearch\src\test\resources
2019-12-12 16:12:09,491 [Worker-157] INFO  o.e.m.c.i.embedder.EclipseLogger - Using 'UTF-8' encoding to copy filtered resources.
2019-12-12 16:12:09,491 [Worker-157] INFO  o.e.m.c.i.embedder.EclipseLogger - skip non existing resourceDirectory C:\java_hcl\harika\spring\SpringEmploySearch\src\main\resources
2019-12-12 16:12:09,492 [Worker-157] INFO  o.e.m.c.i.embedder.EclipseLogger - Using 'UTF-8' encoding to copy filtered resources.
2019-12-12 16:12:09,492 [Worker-157] INFO  o.e.m.c.i.embedder.EclipseLogger - skip non existing resourceDirectory C:\java_hcl\harika\spring\SpringEmploySearch\src\test\resources
2019-12-12 16:13:00,235 [Worker-155] INFO  o.e.m.c.i.embedder.EclipseLogger - Using 'UTF-8' encoding to copy filtered resources.
2019-12-12 16:13:00,235 [Worker-155] INFO  o.e.m.c.i.embedder.EclipseLogger - skip non existing resourceDirectory C:\java_hcl\harika\spring\SpringEmploySearch\src\main\resources
2019-12-12 16:13:00,240 [Worker-155] INFO  o.e.m.c.i.embedder.EclipseLogger - Using 'UTF-8' encoding to copy filtered resources.
2019-12-12 16:13:00,241 [Worker-155] INFO  o.e.m.c.i.embedder.EclipseLogger - skip non existing resourceDirectory C:\java_hcl\harika\spring\SpringEmploySearch\src\test\resources
2019-12-12 16:15:05,213 [Worker-160] INFO  o.e.m.c.i.embedder.EclipseLogger - Using 'UTF-8' encoding to copy filtered resources.
2019-12-12 16:15:05,214 [Worker-160] INFO  o.e.m.c.i.embedder.EclipseLogger - skip non existing resourceDirectory C:\java_hcl\harika\spring\SpringEmploySearch\src\main\resources
2019-12-12 16:15:05,214 [Worker-160] INFO  o.e.m.c.i.embedder.EclipseLogger - Using 'UTF-8' encoding to copy filtered resources.
2019-12-12 16:15:05,215 [Worker-160] INFO  o.e.m.c.i.embedder.EclipseLogger - skip non existing resourceDirectory C:\java_hcl\harika\spring\SpringEmploySearch\src\test\resources
2019-12-12 16:19:43,840 [Worker-158] INFO  o.e.m.c.i.embedder.EclipseLogger - Using 'UTF-8' encoding to copy filtered resources.
2019-12-12 16:19:43,840 [Worker-158] INFO  o.e.m.c.i.embedder.EclipseLogger - skip non existing resourceDirectory C:\java_hcl\harika\spring\SpringEmploySearch\src\main\resources
2019-12-12 16:19:43,841 [Worker-158] INFO  o.e.m.c.i.embedder.EclipseLogger - Using 'UTF-8' encoding to copy filtered resources.
2019-12-12 16:19:43,841 [Worker-158] INFO  o.e.m.c.i.embedder.EclipseLogger - skip non existing resourceDirectory C:\java_hcl\harika\spring\SpringEmploySearch\src\test\resources
